 INFO  Accepting connections at http://localhost:35869 HTTP  2/12/2026 11:09:58 PM ::1 GET /index.html
 HTTP  2/12/2026 11:09:58 PM ::1 Returned 301 in 23 ms
 HTTP  2/12/2026 11:09:58 PM ::1 GET /index
 HTTP  2/12/2026 11:09:58 PM ::1 Returned 301 in 1 ms
 HTTP  2/12/2026 11:09:58 PM ::1 GET /
 HTTP  2/12/2026 11:09:58 PM ::1 Returned 200 in 9 ms
 HTTP  2/12/2026 11:09:58 PM ::1 GET /css/styles.css
 HTTP  2/12/2026 11:09:58 PM ::1 Returned 200 in 6 ms
 HTTP  2/12/2026 11:09:58 PM ::1 GET /js/vendor/sql-wasm.js
 HTTP  2/12/2026 11:09:58 PM ::1 GET /js/sql-init.js
 HTTP  2/12/2026 11:09:58 PM ::1 GET /public/img/rules/cardexmple.jpg
 HTTP  2/12/2026 11:09:58 PM ::1 GET /public/img/rules/greentake.jpg
 HTTP  2/12/2026 11:09:58 PM ::1 Returned 200 in 8 ms
 HTTP  2/12/2026 11:09:58 PM ::1 Returned 200 in 8 ms
 HTTP  2/12/2026 11:09:58 PM ::1 Returned 200 in 14 ms
 HTTP  2/12/2026 11:09:58 PM ::1 Returned 200 in 15 ms
 HTTP  2/12/2026 11:09:58 PM ::1 GET /public/img/rules/redtake.jpg
 HTTP  2/12/2026 11:09:58 PM ::1 GET /public/img/rules/redcombo.jpg
 HTTP  2/12/2026 11:09:58 PM ::1 Returned 200 in 2 ms
 HTTP  2/12/2026 11:09:58 PM ::1 Returned 200 in 4 ms
 HTTP  2/12/2026 11:09:58 PM ::1 GET /public/img/rules/deck.jpg
 HTTP  2/12/2026 11:09:58 PM ::1 GET /js/yandex-sdk.js
 HTTP  2/12/2026 11:09:58 PM ::1 Returned 200 in 3 ms
 HTTP  2/12/2026 11:09:58 PM ::1 Returned 200 in 3 ms
 HTTP  2/12/2026 11:09:58 PM ::1 GET /js/card-renderer.js
 HTTP  2/12/2026 11:09:58 PM ::1 Returned 200 in 2 ms
 HTTP  2/12/2026 11:09:58 PM ::1 GET /js/auto-hand-collector.js
 HTTP  2/12/2026 11:09:58 PM ::1 Returned 200 in 2 ms
 HTTP  2/12/2026 11:09:58 PM ::1 GET /js/party-orchestrator.js
 HTTP  2/12/2026 11:09:58 PM ::1 Returned 200 in 1 ms
 HTTP  2/12/2026 11:09:58 PM ::1 GET /js/start-screen.js
 HTTP  2/12/2026 11:09:58 PM ::1 Returned 200 in 1 ms
 HTTP  2/12/2026 11:09:59 PM ::1 GET /js/vendor/sql-wasm.wasm
 HTTP  2/12/2026 11:09:59 PM ::1 Returned 200 in 11 ms
 HTTP  2/12/2026 11:09:59 PM ::1 GET /public/data/cards.db
 HTTP  2/12/2026 11:09:59 PM ::1 Returned 200 in 3 ms
 HTTP  2/12/2026 11:09:59 PM ::1 GET /public/data/cards.db
 HTTP  2/12/2026 11:09:59 PM ::1 Returned 304 in 1 ms
 HTTP  2/12/2026 11:09:59 PM ::1 GET /public/img/opponents/opponent_01.png
 HTTP  2/12/2026 11:09:59 PM ::1 Returned 200 in 2 ms
 HTTP  2/12/2026 11:09:59 PM ::1 GET /public/img/opponents/opponent_02.png
 HTTP  2/12/2026 11:09:59 PM ::1 Returned 200 in 2 ms
 HTTP  2/12/2026 11:09:59 PM ::1 GET /public/img/opponents/opponent_03.png
 HTTP  2/12/2026 11:09:59 PM ::1 GET /public/img/opponents/opponent_04.png
 HTTP  2/12/2026 11:09:59 PM ::1 GET /public/img/opponents/opponent_05.png
 HTTP  2/12/2026 11:09:59 PM ::1 GET /public/img/opponents/opponent_06.png
 HTTP  2/12/2026 11:09:59 PM ::1 Returned 200 in 8 ms
 HTTP  2/12/2026 11:09:59 PM ::1 GET /public/img/opponents/opponent_07.png
 HTTP  2/12/2026 11:09:59 PM ::1 GET /public/img/opponents/opponent_08.png
 HTTP  2/12/2026 11:09:59 PM ::1 Returned 200 in 8 ms
 HTTP  2/12/2026 11:09:59 PM ::1 Returned 200 in 8 ms
 HTTP  2/12/2026 11:09:59 PM ::1 Returned 200 in 7 ms
 HTTP  2/12/2026 11:09:59 PM ::1 GET /public/img/opponents/opponent_09.png
 HTTP  2/12/2026 11:09:59 PM ::1 Returned 200 in 10 ms
 HTTP  2/12/2026 11:09:59 PM ::1 Returned 200 in 10 ms
 HTTP  2/12/2026 11:09:59 PM ::1 Returned 200 in 8 ms
 HTTP  2/12/2026 11:09:59 PM ::1 GET /public/img/opponents/opponent_10.png
 HTTP  2/12/2026 11:09:59 PM ::1 GET /public/img/opponents/opponent_11.png
 HTTP  2/12/2026 11:09:59 PM ::1 GET /public/img/opponents/opponent_12.png
 HTTP  2/12/2026 11:09:59 PM ::1 GET /public/img/opponents/opponent_13.png
 HTTP  2/12/2026 11:09:59 PM ::1 GET /public/img/opponents/opponent_14.png
 HTTP  2/12/2026 11:09:59 PM ::1 GET /public/img/opponents/opponent_15.png
 HTTP  2/12/2026 11:09:59 PM ::1 Returned 200 in 7 ms
 HTTP  2/12/2026 11:09:59 PM ::1 Returned 200 in 12 ms
 HTTP  2/12/2026 11:09:59 PM ::1 Returned 200 in 12 ms
 HTTP  2/12/2026 11:09:59 PM ::1 Returned 200 in 9 ms
 HTTP  2/12/2026 11:09:59 PM ::1 Returned 200 in 8 ms
 HTTP  2/12/2026 11:09:59 PM ::1 Returned 200 in 8 ms

 INFO  Gracefully shutting down. Please wait...
